Using pre-set license
Built from '2022.3/staging' branch; Version is '2022.3.8f1 (b5eafc012955) revision 11922172'; Using compiler version '192829333'; Build Type 'Release'
OS: 'Windows 11  (10.0.22621) 64bit Professional' Language: 'en' Physical Memory: 31894 MB
BatchMode: 1, IsHumanControllingUs: 0, StartBugReporterOnCrash: 0, Is64bit: 1, IsPro: 1

COMMAND LINE ARGUMENTS:
C:\Program Files\Unity\Hub\Editor\2022.3.8f1\Editor\Unity.exe
-adb2
-batchMode
-noUpm
-name
AssetImportWorker2
-projectPath
C:/Users/Admin/MorioBox
-logFile
Logs/AssetImportWorker2.log
-srvPort
59089
Successfully changed project path to: C:/Users/Admin/MorioBox
C:/Users/Admin/MorioBox
[UnityMemory] Configuration Parameters - Can be set up in boot.config
    "memorysetup-bucket-allocator-granularity=16"
    "memorysetup-bucket-allocator-bucket-count=8"
    "memorysetup-bucket-allocator-block-size=33554432"
    "memorysetup-bucket-allocator-block-count=8"
    "memorysetup-main-allocator-block-size=16777216"
    "memorysetup-thread-allocator-block-size=16777216"
    "memorysetup-gfx-main-allocator-block-size=16777216"
    "memorysetup-gfx-thread-allocator-block-size=16777216"
    "memorysetup-cache-allocator-block-size=4194304"
    "memorysetup-typetree-allocator-block-size=2097152"
    "memorysetup-profiler-bucket-allocator-granularity=16"
    "memorysetup-profiler-bucket-allocator-bucket-count=8"
    "memorysetup-profiler-bucket-allocator-block-size=33554432"
    "memorysetup-profiler-bucket-allocator-block-count=8"
    "memorysetup-profiler-allocator-block-size=16777216"
    "memorysetup-profiler-editor-allocator-block-size=1048576"
    "memorysetup-temp-allocator-size-main=16777216"
    "memorysetup-job-temp-allocator-block-size=2097152"
    "memorysetup-job-temp-allocator-block-size-background=1048576"
    "memorysetup-job-temp-allocator-reduction-small-platforms=262144"
    "memorysetup-allocator-temp-initial-block-size-main=262144"
    "memorysetup-allocator-temp-initial-block-size-worker=262144"
    "memorysetup-temp-allocator-size-background-worker=32768"
    "memorysetup-temp-allocator-size-job-worker=262144"
    "memorysetup-temp-allocator-size-preload-manager=33554432"
    "memorysetup-temp-allocator-size-nav-mesh-worker=65536"
    "memorysetup-temp-allocator-size-audio-worker=65536"
    "memorysetup-temp-allocator-size-cloud-worker=32768"
    "memorysetup-temp-allocator-size-gi-baking-worker=262144"
    "memorysetup-temp-allocator-size-gfx=262144"
Player connection [19120] Host "[IP] 192.168.0.143 [Port] 0 [Flags] 2 [Guid] 3168151838 [EditorId] 3168151838 [Version] 1048832 [Id] WindowsEditor(7,DESKTOP-E93FBPO) [Debug] 1 [PackageName] WindowsEditor [ProjectName] Editor" joined multi-casting on [225.0.0.222:54997]...

Player connection [19120] Host "[IP] 192.168.0.143 [Port] 0 [Flags] 2 [Guid] 3168151838 [EditorId] 3168151838 [Version] 1048832 [Id] WindowsEditor(7,DESKTOP-E93FBPO) [Debug] 1 [PackageName] WindowsEditor [ProjectName] Editor" joined alternative multi-casting on [225.0.0.222:34997]...

[Physics::Module] Initialized MultithreadedJobDispatcher with 23 workers.
Refreshing native plugins compatible for Editor in 6.15 ms, found 3 plugins.
Preloading 0 native plugins for Editor in 0.00 ms.
Initialize engine version: 2022.3.8f1 (b5eafc012955)
[Subsystems] Discovering subsystems at path C:/Program Files/Unity/Hub/Editor/2022.3.8f1/Editor/Data/Resources/UnitySubsystems
[Subsystems] Discovering subsystems at path C:/Users/Admin/MorioBox/Assets
GfxDevice: creating device client; threaded=0; jobified=0
Direct3D:
    Version:  Direct3D 11.0 [level 11.1]
    Renderer: NVIDIA GeForce RTX 4060 Ti (ID=0x2803)
    Vendor:   NVIDIA
    VRAM:     7963 MB
    Driver:   31.0.15.3203
Initialize mono
Mono path[0] = 'C:/Program Files/Unity/Hub/Editor/2022.3.8f1/Editor/Data/Managed'
Mono path[1] = 'C:/Program Files/Unity/Hub/Editor/2022.3.8f1/Editor/Data/MonoBleedingEdge/lib/mono/unityjit-win32'
Mono config path = 'C:/Program Files/Unity/Hub/Editor/2022.3.8f1/Editor/Data/MonoBleedingEdge/etc'
Using monoOptions --debugger-agent=transport=dt_socket,embedding=1,server=y,suspend=n,address=127.0.0.1:56852
Begin MonoManager ReloadAssembly
Registering precompiled unity dll's ...
Register platform support module: C:/Program Files/Unity/Hub/Editor/2022.3.8f1/Editor/Data/PlaybackEngines/AndroidPlayer/UnityEditor.Android.Extensions.dll
Register platform support module: C:/Program Files/Unity/Hub/Editor/2022.3.8f1/Editor/Data/PlaybackEngines/iOSSupport/UnityEditor.iOS.Extensions.dll
Register platform support module: C:/Program Files/Unity/Hub/Editor/2022.3.8f1/Editor/Data/PlaybackEngines/WindowsStandaloneSupport/UnityEditor.WindowsStandalone.Extensions.dll
Registered in 0.006510 seconds.
- Loaded All Assemblies, in  0.326 seconds
Native extension for WindowsStandalone target not found
[usbmuxd] Start listen thread
[usbmuxd] Listen thread started
Native extension for iOS target not found
Native extension for Android target not found
Android Extension - Scanning For ADB Devices 209 ms
Mono: successfully reloaded assembly
- Finished resetting the current domain, in  0.418 seconds
Domain Reload Profiling: 744ms
	BeginReloadAssembly (117ms)
		ExecutionOrderSort (0ms)
		DisableScriptedObjects (0ms)
		BackupInstance (0ms)
		ReleaseScriptingObjects (0ms)
		CreateAndSetChildDomain (1ms)
	RebuildCommonClasses (28ms)
	RebuildNativeTypeToScriptingClass (8ms)
	initialDomainReloadingComplete (46ms)
	LoadAllAssembliesAndSetupDomain (127ms)
		LoadAssemblies (116ms)
		RebuildTransferFunctionScriptingTraits (0ms)
		AnalyzeDomain (124ms)
			TypeCache.Refresh (123ms)
				TypeCache.ScanAssembly (111ms)
			ScanForSourceGeneratedMonoScriptInfo (0ms)
			ResolveRequiredComponents (0ms)
	FinalizeReload (418ms)
		ReleaseScriptCaches (0ms)
		RebuildScriptCaches (0ms)
		SetupLoadedEditorAssemblies (379ms)
			LogAssemblyErrors (0ms)
			InitializePlatformSupportModulesInManaged (285ms)
			SetLoadedEditorAssemblies (3ms)
			RefreshPlugins (0ms)
			BeforeProcessingInitializeOnLoad (2ms)
			ProcessInitializeOnLoadAttributes (62ms)
			ProcessInitializeOnLoadMethodAttributes (27ms)
			AfterProcessingInitializeOnLoad (0ms)
			EditorAssembliesLoaded (0ms)
		ExecutionOrderSort2 (0ms)
		AwakeInstancesAfterBackupRestoration (0ms)
========================================================================
Worker process is ready to serve import requests
Begin MonoManager ReloadAssembly
- Loaded All Assemblies, in  0.503 seconds
Refreshing native plugins compatible for Editor in 2.15 ms, found 3 plugins.
Native extension for WindowsStandalone target not found
Native extension for iOS target not found
Native extension for Android target not found
Package Manager log level set to [2]
[Package Manager] Server::EnsureServerProcessIsRunning -- launch failed, reason: Unity was launched with the -noUpm command-line argument
[Package Manager] UpmClient::Send -- Unable to send message (not connected to UPM process).
[Package Manager] Cannot connect to Unity Package Manager local server
Mono: successfully reloaded assembly
- Finished resetting the current domain, in  0.369 seconds
Domain Reload Profiling: 870ms
	BeginReloadAssembly (135ms)
		ExecutionOrderSort (0ms)
		DisableScriptedObjects (5ms)
		BackupInstance (0ms)
		ReleaseScriptingObjects (0ms)
		CreateAndSetChildDomain (34ms)
	RebuildCommonClasses (26ms)
	RebuildNativeTypeToScriptingClass (11ms)
	initialDomainReloadingComplete (39ms)
	LoadAllAssembliesAndSetupDomain (290ms)
		LoadAssemblies (220ms)
		RebuildTransferFunctionScriptingTraits (0ms)
		AnalyzeDomain (135ms)
			TypeCache.Refresh (122ms)
				TypeCache.ScanAssembly (109ms)
			ScanForSourceGeneratedMonoScriptInfo (10ms)
			ResolveRequiredComponents (2ms)
	FinalizeReload (369ms)
		ReleaseScriptCaches (0ms)
		RebuildScriptCaches (0ms)
		SetupLoadedEditorAssemblies (263ms)
			LogAssemblyErrors (0ms)
			InitializePlatformSupportModulesInManaged (21ms)
			SetLoadedEditorAssemblies (2ms)
			RefreshPlugins (0ms)
			BeforeProcessingInitializeOnLoad (38ms)
			ProcessInitializeOnLoadAttributes (184ms)
			ProcessInitializeOnLoadMethodAttributes (13ms)
			AfterProcessingInitializeOnLoad (5ms)
			EditorAssembliesLoaded (0ms)
		ExecutionOrderSort2 (0ms)
		AwakeInstancesAfterBackupRestoration (4ms)
Launched and connected shader compiler UnityShaderCompiler.exe after 0.04 seconds
Refreshing native plugins compatible for Editor in 2.89 ms, found 3 plugins.
Preloading 0 native plugins for Editor in 0.00 ms.
Unloading 3269 Unused Serialized files (Serialized files now loaded: 0)
Unloading 46 unused Assets / (139.7 KB). Loaded Objects now: 3743.
Memory consumption went from 133.9 MB to 133.8 MB.
Total: 3.807500 ms (FindLiveObjects: 0.457200 ms CreateObjectMapping: 0.072800 ms MarkObjects: 3.079800 ms  DeleteObjects: 0.196700 ms)

AssetImportParameters requested are different than current active one (requested -> active):
  custom:container-demuxer-ogg: 62fdf1f143b41e24485cea50d1cbac27 -> 
  custom:video-decoder-ogg-theora: a1e56fd34408186e4bbccfd4996cb3dc -> 
  custom:framework-win-MediaFoundation: 216162199b28c13a410421893ffa2e32 -> 
  custom:CustomObjectIndexerAttribute: 756ad292c208cfabdd7b50bc23989ffe -> 
  custom:container-demuxer-webm: 4f35f7cbe854078d1ac9338744f61a02 -> 
  custom:container-muxer-webm: aa71ff27fc2769a1b78a27578f13a17b -> 
  custom:video-decoder-webm-vp8: 9c59270c3fd7afecdb556c50c9e8de78 -> 
  custom:SearchIndexIgnoredProperties: e643bd26f0fe6173181afceb89e7c659 -> 
  custom:AudioImporter_EditorPlatform: d09bf68614088b80899f8185d706f6e7 -> 
  custom:video-encoder-webm-vp8: eb34c28f22e8b96e1ab97ce403110664 -> 
  custom:audio-decoder-ogg-vorbis: bf7c407c2cedff20999df2af8eb42d56 -> 
  custom:audio-encoder-webm-vorbis: bf7c407c2cedff20999df2af8eb42d56 -> 
========================================================================
Received Import Request.
  Time since last request: 567983.699247 seconds.
  path: Assets/StoreDownloads/3D Low-Poly Chest/Textur/Gold Chest Albedo.png
  artifactKey: Guid(57e8cc38efe5d7949b33e76ae6433d71) Importer(2089858483,0ecaa5967403d082aa24f35e1b516d23)
Start importing Assets/StoreDownloads/3D Low-Poly Chest/Textur/Gold Chest Albedo.png using Guid(57e8cc38efe5d7949b33e76ae6433d71) Importer(2089858483,0ecaa5967403d082aa24f35e1b516d23) Generated GUIDs only implemented for interfaces!
 -> (artifact id: '82d1f3c1ac0e24e203e317ded4a8f68c') in 0.110755 seconds
Number of updated asset objects reloaded before import = 0
Number of asset objects unloaded after import = 1
========================================================================
Received Import Request.
  Time since last request: 0.000024 seconds.
  path: Assets/StoreDownloads/Sci-Fi Styled Modular Pack/Models/Joint_T_6.fbx
  artifactKey: Guid(382e07d7d5bfdd54a942468dd962b16b) Importer(2089858483,0ecaa5967403d082aa24f35e1b516d23)
Start importing Assets/StoreDownloads/Sci-Fi Styled Modular Pack/Models/Joint_T_6.fbx using Guid(382e07d7d5bfdd54a942468dd962b16b) Importer(2089858483,0ecaa5967403d082aa24f35e1b516d23) Generated GUIDs only implemented for interfaces!
 -> (artifact id: '385b379e920b8008287bde839aa32191') in 0.027180 seconds
Number of updated asset objects reloaded before import = 0
Number of asset objects unloaded after import = 7
========================================================================
Received Import Request.
  Time since last request: 0.000015 seconds.
  path: Assets/StoreDownloads/Sci-Fi Styled Modular Pack/Models/desk.fbx
  artifactKey: Guid(a0d8f320763fe4945b863868635a92f5) Importer(2089858483,0ecaa5967403d082aa24f35e1b516d23)
Start importing Assets/StoreDownloads/Sci-Fi Styled Modular Pack/Models/desk.fbx using Guid(a0d8f320763fe4945b863868635a92f5) Importer(2089858483,0ecaa5967403d082aa24f35e1b516d23) Generated GUIDs only implemented for interfaces!
 -> (artifact id: '50f6db4344093a7f0f45497fe45c8467') in 0.012684 seconds
Number of updated asset objects reloaded before import = 0
Number of asset objects unloaded after import = 7
========================================================================
Received Import Request.
  Time since last request: 0.000018 seconds.
  path: Assets/StoreDownloads/Sci-Fi Styled Modular Pack/Models/floor_3_no_clamps.fbx
  artifactKey: Guid(822e513722ef97840bad7ea57952a676) Importer(2089858483,0ecaa5967403d082aa24f35e1b516d23)
Start importing Assets/StoreDownloads/Sci-Fi Styled Modular Pack/Models/floor_3_no_clamps.fbx using Guid(822e513722ef97840bad7ea57952a676) Importer(2089858483,0ecaa5967403d082aa24f35e1b516d23) Generated GUIDs only implemented for interfaces!
 -> (artifact id: '3728e095a9950559fda7baffd8fed371') in 0.014885 seconds
Number of updated asset objects reloaded before import = 0
Number of asset objects unloaded after import = 7
========================================================================
Received Import Request.
  Time since last request: 0.000015 seconds.
  path: Assets/StoreDownloads/Sci-Fi Styled Modular Pack/Models/projector_2.fbx
  artifactKey: Guid(806d243665386404cb481e60e75eb50b) Importer(2089858483,0ecaa5967403d082aa24f35e1b516d23)
Start importing Assets/StoreDownloads/Sci-Fi Styled Modular Pack/Models/projector_2.fbx using Guid(806d243665386404cb481e60e75eb50b) Importer(2089858483,0ecaa5967403d082aa24f35e1b516d23) Generated GUIDs only implemented for interfaces!
 -> (artifact id: '4dfccc09b866adca4b5d52cfd40d3d3a') in 0.016526 seconds
Number of updated asset objects reloaded before import = 0
Number of asset objects unloaded after import = 7
========================================================================
Received Import Request.
  Time since last request: 0.000011 seconds.
  path: Assets/StoreDownloads/Sci-Fi Styled Modular Pack/Models/frame_door_2_colision_mesh.fbx
  artifactKey: Guid(4e1b01f9c50ee5343afe22990d2feba9) Importer(2089858483,0ecaa5967403d082aa24f35e1b516d23)
Start importing Assets/StoreDownloads/Sci-Fi Styled Modular Pack/Models/frame_door_2_colision_mesh.fbx using Guid(4e1b01f9c50ee5343afe22990d2feba9) Importer(2089858483,0ecaa5967403d082aa24f35e1b516d23) Generated GUIDs only implemented for interfaces!
 -> (artifact id: '4da25262662674dce296ad02f4d54a19') in 0.014275 seconds
Number of updated asset objects reloaded before import = 0
Number of asset objects unloaded after import = 7
========================================================================
Received Import Request.
  Time since last request: 0.000015 seconds.
  path: Assets/StoreDownloads/Sci-Fi Styled Modular Pack/Models/decorative_wall_G.fbx
  artifactKey: Guid(08dbef46dec1e104cbd67ed53900e56d) Importer(2089858483,0ecaa5967403d082aa24f35e1b516d23)
Start importing Assets/StoreDownloads/Sci-Fi Styled Modular Pack/Models/decorative_wall_G.fbx using Guid(08dbef46dec1e104cbd67ed53900e56d) Importer(2089858483,0ecaa5967403d082aa24f35e1b516d23) Generated GUIDs only implemented for interfaces!
 -> (artifact id: '7e866003526c2b63b21e1c61746604cd') in 0.015141 seconds
Number of updated asset objects reloaded before import = 0
Number of asset objects unloaded after import = 7
========================================================================
Received Import Request.
  Time since last request: 0.000012 seconds.
  path: Assets/StoreDownloads/Sci-Fi Styled Modular Pack/Models/door_3_bottom_B.fbx
  artifactKey: Guid(559b8a2c3fe7baa48bfca925d384fff3) Importer(2089858483,0ecaa5967403d082aa24f35e1b516d23)
Start importing Assets/StoreDownloads/Sci-Fi Styled Modular Pack/Models/door_3_bottom_B.fbx using Guid(559b8a2c3fe7baa48bfca925d384fff3) Importer(2089858483,0ecaa5967403d082aa24f35e1b516d23) Generated GUIDs only implemented for interfaces!
 -> (artifact id: '9d340d6a0227e95f2403f5270fc8ef51') in 0.015880 seconds
Number of updated asset objects reloaded before import = 0
Number of asset objects unloaded after import = 9
========================================================================
Received Import Request.
  Time since last request: 0.000010 seconds.
  path: Assets/StoreDownloads/Sci-Fi Styled Modular Pack/Models/glass_panel_1.fbx
  artifactKey: Guid(45b0c780de07415429014e5e666d90ac) Importer(2089858483,0ecaa5967403d082aa24f35e1b516d23)
Start importing Assets/StoreDownloads/Sci-Fi Styled Modular Pack/Models/glass_panel_1.fbx using Guid(45b0c780de07415429014e5e666d90ac) Importer(2089858483,0ecaa5967403d082aa24f35e1b516d23) Generated GUIDs only implemented for interfaces!
 -> (artifact id: '22eb51d302d272860567bd50e7e62679') in 0.015388 seconds
Number of updated asset objects reloaded before import = 0
Number of asset objects unloaded after import = 7
========================================================================
Received Import Request.
  Time since last request: 0.000014 seconds.
  path: Assets/StoreDownloads/Sci-Fi Styled Modular Pack/Models/light_wall_3.fbx
  artifactKey: Guid(4b423724c4892d6438d29cb37b373290) Importer(2089858483,0ecaa5967403d082aa24f35e1b516d23)
Start importing Assets/StoreDownloads/Sci-Fi Styled Modular Pack/Models/light_wall_3.fbx using Guid(4b423724c4892d6438d29cb37b373290) Importer(2089858483,0ecaa5967403d082aa24f35e1b516d23) Generated GUIDs only implemented for interfaces!
 -> (artifact id: '60389164de154b628000035f1daeaf36') in 0.013195 seconds
Number of updated asset objects reloaded before import = 0
Number of asset objects unloaded after import = 7
========================================================================
Received Import Request.
  Time since last request: 0.000016 seconds.
  path: Assets/StoreDownloads/Sci-Fi Styled Modular Pack/Models/frame_door_1_colision_mesh.fbx
  artifactKey: Guid(4bffff855c108e34c83d8605893f4c51) Importer(2089858483,0ecaa5967403d082aa24f35e1b516d23)
Start importing Assets/StoreDownloads/Sci-Fi Styled Modular Pack/Models/frame_door_1_colision_mesh.fbx using Guid(4bffff855c108e34c83d8605893f4c51) Importer(2089858483,0ecaa5967403d082aa24f35e1b516d23) Generated GUIDs only implemented for interfaces!
 -> (artifact id: 'c959fba808c31cc2d8de9471d65ff721') in 0.014850 seconds
Number of updated asset objects reloaded before import = 0
Number of asset objects unloaded after import = 7
========================================================================
Received Import Request.
  Time since last request: 0.000018 seconds.
  path: Assets/StoreDownloads/Sci-Fi Styled Modular Pack/Models/art_2.fbx
  artifactKey: Guid(ac4b748f8929540418552255a129f014) Importer(2089858483,0ecaa5967403d082aa24f35e1b516d23)
Start importing Assets/StoreDownloads/Sci-Fi Styled Modular Pack/Models/art_2.fbx using Guid(ac4b748f8929540418552255a129f014) Importer(2089858483,0ecaa5967403d082aa24f35e1b516d23) Generated GUIDs only implemented for interfaces!
 -> (artifact id: '545117c68e406bc0e0e8d8a49e52230c') in 0.020295 seconds
Number of updated asset objects reloaded before import = 0
Number of asset objects unloaded after import = 7
========================================================================
Received Import Request.
  Time since last request: 0.000015 seconds.
  path: Assets/Mini Simple Characters Demo/Prefabs/mini simple demo_04.prefab
  artifactKey: Guid(c161c997c07308740af96a685231f764) Importer(2089858483,0ecaa5967403d082aa24f35e1b516d23)
Start importing Assets/Mini Simple Characters Demo/Prefabs/mini simple demo_04.prefab using Guid(c161c997c07308740af96a685231f764) Importer(2089858483,0ecaa5967403d082aa24f35e1b516d23) Generated GUIDs only implemented for interfaces!
 -> (artifact id: '436a1c46e67eb66ef160e703f25569cf') in 0.014488 seconds
Number of updated asset objects reloaded before import = 0
Number of asset objects unloaded after import = 112
========================================================================
Received Import Request.
  Time since last request: 0.000021 seconds.
  path: Assets/Casual SoundFX Pack/Sounds/Tribal Drum.wav
  artifactKey: Guid(ed52cca5993ec244ca29364a986d31be) Importer(2089858483,0ecaa5967403d082aa24f35e1b516d23)
Start importing Assets/Casual SoundFX Pack/Sounds/Tribal Drum.wav using Guid(ed52cca5993ec244ca29364a986d31be) Importer(2089858483,0ecaa5967403d082aa24f35e1b516d23) Generated GUIDs only implemented for interfaces!
 -> (artifact id: 'fe1cc36ee576be58bf41ae813e4cd941') in 0.045526 seconds
Number of updated asset objects reloaded before import = 0
Number of asset objects unloaded after import = 1
========================================================================
Received Import Request.
  Time since last request: 0.231174 seconds.
  path: Assets/StoreDownloads/Sci-Fi Styled Modular Pack/Models/shelf.fbx
  artifactKey: Guid(885fc31b4eec82746bf3f7ee9b1a65b3) Importer(2089858483,0ecaa5967403d082aa24f35e1b516d23)
Start importing Assets/StoreDownloads/Sci-Fi Styled Modular Pack/Models/shelf.fbx using Guid(885fc31b4eec82746bf3f7ee9b1a65b3) Importer(2089858483,0ecaa5967403d082aa24f35e1b516d23) Generated GUIDs only implemented for interfaces!
 -> (artifact id: '25d6ec6783cf78b835f395a8431e79ac') in 0.015085 seconds
Number of updated asset objects reloaded before import = 0
Number of asset objects unloaded after import = 7
========================================================================
Received Import Request.
  Time since last request: 0.000014 seconds.
  path: Assets/StoreDownloads/Sci-Fi Styled Modular Pack/Textures/nature_leaves.png
  artifactKey: Guid(144d5c35043c7f04193d57dc3c38bbcb) Importer(2089858483,0ecaa5967403d082aa24f35e1b516d23)
Start importing Assets/StoreDownloads/Sci-Fi Styled Modular Pack/Textures/nature_leaves.png using Guid(144d5c35043c7f04193d57dc3c38bbcb) Importer(2089858483,0ecaa5967403d082aa24f35e1b516d23) Generated GUIDs only implemented for interfaces!
 -> (artifact id: '77f36e55662c6565dc15d19fa5d27b74') in 0.027946 seconds
Number of updated asset objects reloaded before import = 0
Number of asset objects unloaded after import = 3
========================================================================
Received Import Request.
  Time since last request: 0.000012 seconds.
  path: Assets/StoreDownloads/Sci-Fi Styled Modular Pack/Models/window_big_with_side_offset_LOD0.fbx
  artifactKey: Guid(92173177b83f4ae4194c757b33b5d46b) Importer(2089858483,0ecaa5967403d082aa24f35e1b516d23)
Start importing Assets/StoreDownloads/Sci-Fi Styled Modular Pack/Models/window_big_with_side_offset_LOD0.fbx using Guid(92173177b83f4ae4194c757b33b5d46b) Importer(2089858483,0ecaa5967403d082aa24f35e1b516d23) Generated GUIDs only implemented for interfaces!
 -> (artifact id: '50f99846fbc67ee807adc5ef45e5a776') in 0.016191 seconds
Number of updated asset objects reloaded before import = 0
Number of asset objects unloaded after import = 7
========================================================================
Received Import Request.
  Time since last request: 0.000011 seconds.
  path: Assets/StoreDownloads/Sci-Fi Styled Modular Pack/Textures/black-color.png
  artifactKey: Guid(d35a86981ce0835469c36ee0215785b3) Importer(2089858483,0ecaa5967403d082aa24f35e1b516d23)
Start importing Assets/StoreDownloads/Sci-Fi Styled Modular Pack/Textures/black-color.png using Guid(d35a86981ce0835469c36ee0215785b3) Importer(2089858483,0ecaa5967403d082aa24f35e1b516d23) Generated GUIDs only implemented for interfaces!
 -> (artifact id: '5b3b44376caef7cbbe69d4c4210d8d6d') in 0.020063 seconds
Number of updated asset objects reloaded before import = 0
Number of asset objects unloaded after import = 1
========================================================================
Received Import Request.
  Time since last request: 0.000011 seconds.
  path: Assets/StoreDownloads/SimpleNaturePack/Models/Bush_01.fbx
  artifactKey: Guid(d8ea93d2d4757e444a5349f4bc849128) Importer(2089858483,0ecaa5967403d082aa24f35e1b516d23)
Start importing Assets/StoreDownloads/SimpleNaturePack/Models/Bush_01.fbx using Guid(d8ea93d2d4757e444a5349f4bc849128) Importer(2089858483,0ecaa5967403d082aa24f35e1b516d23) Generated GUIDs only implemented for interfaces!
 -> (artifact id: '70008ff1e6490510cc4ddae1be94ca34') in 0.015707 seconds
Number of updated asset objects reloaded before import = 0
Number of asset objects unloaded after import = 15
========================================================================
Received Import Request.
  Time since last request: 0.000012 seconds.
  path: Assets/StoreDownloads/Sci-Fi Styled Modular Pack/Models/stairs_small.fbx
  artifactKey: Guid(bd0a17be9280439418203fe96116cee6) Importer(2089858483,0ecaa5967403d082aa24f35e1b516d23)
Start importing Assets/StoreDownloads/Sci-Fi Styled Modular Pack/Models/stairs_small.fbx using Guid(bd0a17be9280439418203fe96116cee6) Importer(2089858483,0ecaa5967403d082aa24f35e1b516d23) Generated GUIDs only implemented for interfaces!
 -> (artifact id: 'cd9d70dd8b14c574b0fc725f0a0b1626') in 0.011451 seconds
Number of updated asset objects reloaded before import = 0
Number of asset objects unloaded after import = 7
========================================================================
Received Import Request.
  Time since last request: 0.000012 seconds.
  path: Assets/StoreDownloads/Sci-Fi Styled Modular Pack/Models/stairs_small_no_emmision.fbx
  artifactKey: Guid(38b52066b4ac23b48bc1af6d369ddcd2) Importer(2089858483,0ecaa5967403d082aa24f35e1b516d23)
Start importing Assets/StoreDownloads/Sci-Fi Styled Modular Pack/Models/stairs_small_no_emmision.fbx using Guid(38b52066b4ac23b48bc1af6d369ddcd2) Importer(2089858483,0ecaa5967403d082aa24f35e1b516d23) Generated GUIDs only implemented for interfaces!
 -> (artifact id: '8f2ae43f43c8e2e9d3713270fd062786') in 0.013711 seconds
Number of updated asset objects reloaded before import = 0
Number of asset objects unloaded after import = 7
========================================================================
Received Import Request.
  Time since last request: 0.000012 seconds.
  path: Assets/StoreDownloads/Sci-Fi Styled Modular Pack/Models/window_big_with_side_offset.fbx
  artifactKey: Guid(3275015972f1ebd4ba5e1fc0b74fa66d) Importer(2089858483,0ecaa5967403d082aa24f35e1b516d23)
Start importing Assets/StoreDownloads/Sci-Fi Styled Modular Pack/Models/window_big_with_side_offset.fbx using Guid(3275015972f1ebd4ba5e1fc0b74fa66d) Importer(2089858483,0ecaa5967403d082aa24f35e1b516d23) Generated GUIDs only implemented for interfaces!
 -> (artifact id: '06bb1f3858a573c873042a805eebdb19') in 0.014831 seconds
Number of updated asset objects reloaded before import = 0
Number of asset objects unloaded after import = 7
========================================================================
Received Import Request.
  Time since last request: 0.000014 seconds.
  path: Assets/StoreDownloads/Sci-Fi Styled Modular Pack/Models/window_big_corner_plug.fbx
  artifactKey: Guid(caed8062ac253ed45a27eed6a65cac17) Importer(2089858483,0ecaa5967403d082aa24f35e1b516d23)
Start importing Assets/StoreDownloads/Sci-Fi Styled Modular Pack/Models/window_big_corner_plug.fbx using Guid(caed8062ac253ed45a27eed6a65cac17) Importer(2089858483,0ecaa5967403d082aa24f35e1b516d23) Generated GUIDs only implemented for interfaces!
 -> (artifact id: 'cb443e536aa094f6891608413f823f88') in 0.012096 seconds
Number of updated asset objects reloaded before import = 0
Number of asset objects unloaded after import = 7
========================================================================
Received Import Request.
  Time since last request: 0.000012 seconds.
  path: Assets/StoreDownloads/Sci-Fi Styled Modular Pack/Models/window_big_with_side_full_offset_LOD1.fbx
  artifactKey: Guid(b568c330172e27949a030e01d718133e) Importer(2089858483,0ecaa5967403d082aa24f35e1b516d23)
Start importing Assets/StoreDownloads/Sci-Fi Styled Modular Pack/Models/window_big_with_side_full_offset_LOD1.fbx using Guid(b568c330172e27949a030e01d718133e) Importer(2089858483,0ecaa5967403d082aa24f35e1b516d23) Generated GUIDs only implemented for interfaces!
 -> (artifact id: '399911fd28adca8d19bbd2a0861dc384') in 0.016039 seconds
Number of updated asset objects reloaded before import = 0
Number of asset objects unloaded after import = 7
========================================================================
Received Import Request.
  Time since last request: 0.000013 seconds.
  path: Assets/StoreDownloads/Sci-Fi Styled Modular Pack/Textures/base-color.png
  artifactKey: Guid(dfcd4dcb2145c6d4f9da3e7654d22d9e) Importer(2089858483,0ecaa5967403d082aa24f35e1b516d23)
Start importing Assets/StoreDownloads/Sci-Fi Styled Modular Pack/Textures/base-color.png using Guid(dfcd4dcb2145c6d4f9da3e7654d22d9e) Importer(2089858483,0ecaa5967403d082aa24f35e1b516d23) Generated GUIDs only implemented for interfaces!
 -> (artifact id: '6967df6aa38dc750e824ba4627454a18') in 0.018071 seconds
Number of updated asset objects reloaded before import = 0
Number of asset objects unloaded after import = 1
========================================================================
Received Import Request.
  Time since last request: 0.000013 seconds.
  path: Assets/StoreDownloads/SimpleNaturePack/Models/Grass_02.fbx
  artifactKey: Guid(638dc165572d2a84081d13ce1afb4d52) Importer(2089858483,0ecaa5967403d082aa24f35e1b516d23)
Start importing Assets/StoreDownloads/SimpleNaturePack/Models/Grass_02.fbx using Guid(638dc165572d2a84081d13ce1afb4d52) Importer(2089858483,0ecaa5967403d082aa24f35e1b516d23) Generated GUIDs only implemented for interfaces!
 -> (artifact id: '90a0985eb0dc49bd904814dd2086b00e') in 0.014197 seconds
Number of updated asset objects reloaded before import = 0
Number of asset objects unloaded after import = 15
========================================================================
Received Import Request.
  Time since last request: 0.000017 seconds.
  path: Assets/StoreDownloads/Sci-Fi Styled Modular Pack/Models/Sphere_16_extended.fbx
  artifactKey: Guid(5dba31047b3c3764bb959e4b00c99740) Importer(2089858483,0ecaa5967403d082aa24f35e1b516d23)
Start importing Assets/StoreDownloads/Sci-Fi Styled Modular Pack/Models/Sphere_16_extended.fbx using Guid(5dba31047b3c3764bb959e4b00c99740) Importer(2089858483,0ecaa5967403d082aa24f35e1b516d23) Generated GUIDs only implemented for interfaces!
 -> (artifact id: '411ee97983d5cbc889394d31eb32af2e') in 0.015722 seconds
Number of updated asset objects reloaded before import = 0
Number of asset objects unloaded after import = 7
========================================================================
Received Import Request.
  Time since last request: 0.000016 seconds.
  path: Assets/StoreDownloads/Sci-Fi Styled Modular Pack/Models/window_big_no_side.fbx
  artifactKey: Guid(fb216cfa51ba6e34c91a5a29b50e2ab2) Importer(2089858483,0ecaa5967403d082aa24f35e1b516d23)
Start importing Assets/StoreDownloads/Sci-Fi Styled Modular Pack/Models/window_big_no_side.fbx using Guid(fb216cfa51ba6e34c91a5a29b50e2ab2) Importer(2089858483,0ecaa5967403d082aa24f35e1b516d23) Generated GUIDs only implemented for interfaces!
 -> (artifact id: '6398b52342d31cbb746366c008720028') in 0.015562 seconds
Number of updated asset objects reloaded before import = 0
Number of asset objects unloaded after import = 7
========================================================================
Received Import Request.
  Time since last request: 0.000016 seconds.
  path: Assets/StoreDownloads/SimpleNaturePack/Models/Rock_05.fbx
  artifactKey: Guid(fa2e670bb3648a84b9df8d16da25b85e) Importer(2089858483,0ecaa5967403d082aa24f35e1b516d23)
Start importing Assets/StoreDownloads/SimpleNaturePack/Models/Rock_05.fbx using Guid(fa2e670bb3648a84b9df8d16da25b85e) Importer(2089858483,0ecaa5967403d082aa24f35e1b516d23) Generated GUIDs only implemented for interfaces!
 -> (artifact id: '51a11f68206c2824dc716a0a98cbf4c4') in 0.015298 seconds
Number of updated asset objects reloaded before import = 0
Number of asset objects unloaded after import = 7
========================================================================
Received Import Request.
  Time since last request: 0.000013 seconds.
  path: Assets/StoreDownloads/Sci-Fi Styled Modular Pack/Models/sing.fbx
  artifactKey: Guid(f9bde7d801e91fc4e806fa4827eb7ac2) Importer(2089858483,0ecaa5967403d082aa24f35e1b516d23)
Start importing Assets/StoreDownloads/Sci-Fi Styled Modular Pack/Models/sing.fbx using Guid(f9bde7d801e91fc4e806fa4827eb7ac2) Importer(2089858483,0ecaa5967403d082aa24f35e1b516d23) Generated GUIDs only implemented for interfaces!
 -> (artifact id: '21846c0fa15f0f9e81bb1c10f418cb79') in 0.012985 seconds
Number of updated asset objects reloaded before import = 0
Number of asset objects unloaded after import = 7
========================================================================
Received Import Request.
  Time since last request: 0.000012 seconds.
  path: Assets/StoreDownloads/SimpleNaturePack/Models/Rock_01.fbx
  artifactKey: Guid(e9089b1db16b58f4282a94e020b9c0e8) Importer(2089858483,0ecaa5967403d082aa24f35e1b516d23)
Start importing Assets/StoreDownloads/SimpleNaturePack/Models/Rock_01.fbx using Guid(e9089b1db16b58f4282a94e020b9c0e8) Importer(2089858483,0ecaa5967403d082aa24f35e1b516d23) Generated GUIDs only implemented for interfaces!
 -> (artifact id: '173e7b8947f7bce45f4b84549a38ac38') in 0.012504 seconds
Number of updated asset objects reloaded before import = 0
Number of asset objects unloaded after import = 7
========================================================================
Received Import Request.
  Time since last request: 0.227133 seconds.
  path: Assets/StoreDownloads/SimpleNaturePack/Models/Tree_02.fbx
  artifactKey: Guid(4471b1f7f824e4d44887e1364c6fc61a) Importer(2089858483,0ecaa5967403d082aa24f35e1b516d23)
Start importing Assets/StoreDownloads/SimpleNaturePack/Models/Tree_02.fbx using Guid(4471b1f7f824e4d44887e1364c6fc61a) Importer(2089858483,0ecaa5967403d082aa24f35e1b516d23) Generated GUIDs only implemented for interfaces!
 -> (artifact id: 'a8c41464a1ec50f67f6dcd61bff9cdd8') in 0.015243 seconds
Number of updated asset objects reloaded before import = 0
Number of asset objects unloaded after import = 15
========================================================================
Received Import Request.
  Time since last request: 0.000014 seconds.
  path: Assets/StoreDownloads/TextMesh Pro/Shaders/TMPro_Mobile.cginc
  artifactKey: Guid(c334973cef89a9840b0b0c507e0377ab) Importer(2089858483,0ecaa5967403d082aa24f35e1b516d23)
Start importing Assets/StoreDownloads/TextMesh Pro/Shaders/TMPro_Mobile.cginc using Guid(c334973cef89a9840b0b0c507e0377ab) Importer(2089858483,0ecaa5967403d082aa24f35e1b516d23) Generated GUIDs only implemented for interfaces!
 -> (artifact id: '65ffb6cc2affb3e012ca69facadae88a') in 0.010028 seconds
Number of updated asset objects reloaded before import = 0
Number of asset objects unloaded after import = 1
========================================================================
Received Import Request.
  Time since last request: 0.000033 seconds.
  path: Assets/StoreDownloads/TextMesh Pro/Sprites/EmojiOne.json
  artifactKey: Guid(8f05276190cf498a8153f6cbe761d4e6) Importer(2089858483,0ecaa5967403d082aa24f35e1b516d23)
Start importing Assets/StoreDownloads/TextMesh Pro/Sprites/EmojiOne.json using Guid(8f05276190cf498a8153f6cbe761d4e6) Importer(2089858483,0ecaa5967403d082aa24f35e1b516d23) Generated GUIDs only implemented for interfaces!
 -> (artifact id: '5c70509be9bb141660ad03e1d8be4d82') in 0.008231 seconds
Number of updated asset objects reloaded before import = 0
Number of asset objects unloaded after import = 1
========================================================================
Received Import Request.
  Time since last request: 0.000019 seconds.
  path: Assets/StoreDownloads/SimpleNaturePack/Prefabs/Ground_01.prefab
  artifactKey: Guid(ebee340de387f334f9ac44e044abd8fb) Importer(2089858483,0ecaa5967403d082aa24f35e1b516d23)
Start importing Assets/StoreDownloads/SimpleNaturePack/Prefabs/Ground_01.prefab using Guid(ebee340de387f334f9ac44e044abd8fb) Importer(2089858483,0ecaa5967403d082aa24f35e1b516d23) Generated GUIDs only implemented for interfaces!
 -> (artifact id: '4e201aa2cac3c74144d638550e8c95d9') in 0.013570 seconds
Number of updated asset objects reloaded before import = 0
Number of asset objects unloaded after import = 8
========================================================================
Received Import Request.
  Time since last request: 0.000012 seconds.
  path: Assets/StoreDownloads/DeepSpaceSkyboxPack/GalaxyFire/Textures/up_galaxyfire.tif
  artifactKey: Guid(e5aaf30e569994d4ab3e49689e74b63f) Importer(2089858483,0ecaa5967403d082aa24f35e1b516d23)
Start importing Assets/StoreDownloads/DeepSpaceSkyboxPack/GalaxyFire/Textures/up_galaxyfire.tif using Guid(e5aaf30e569994d4ab3e49689e74b63f) Importer(2089858483,0ecaa5967403d082aa24f35e1b516d23) Generated GUIDs only implemented for interfaces!
 -> (artifact id: 'ab292a4b2db6e8d4f5be5d433b5b4157') in 0.025767 seconds
Number of updated asset objects reloaded before import = 0
Number of asset objects unloaded after import = 1
========================================================================
Received Import Request.
  Time since last request: 0.000015 seconds.
  path: Assets/StoreDownloads/TextMesh Pro/Sprites/EmojiOne.png
  artifactKey: Guid(dffef66376be4fa480fb02b19edbe903) Importer(2089858483,0ecaa5967403d082aa24f35e1b516d23)
Start importing Assets/StoreDownloads/TextMesh Pro/Sprites/EmojiOne.png using Guid(dffef66376be4fa480fb02b19edbe903) Importer(2089858483,0ecaa5967403d082aa24f35e1b516d23) Generated GUIDs only implemented for interfaces!
 -> (artifact id: '785c5c9c1db8a97c3587959b3b083fda') in 0.034909 seconds
Number of updated asset objects reloaded before import = 0
Number of asset objects unloaded after import = 1
========================================================================
Received Import Request.
  Time since last request: 0.000305 seconds.
  path: Assets/StoreDownloads/DeepSpaceSkyboxPack/DiverseSpace/Textures/diversespace-back.tif
  artifactKey: Guid(5aaf7cd74552c9440b96748a185216d0) Importer(2089858483,0ecaa5967403d082aa24f35e1b516d23)
Start importing Assets/StoreDownloads/DeepSpaceSkyboxPack/DiverseSpace/Textures/diversespace-back.tif using Guid(5aaf7cd74552c9440b96748a185216d0) Importer(2089858483,0ecaa5967403d082aa24f35e1b516d23) Generated GUIDs only implemented for interfaces!
 -> (artifact id: '6d49ed27f67c0ec2fadb8f895a59ce76') in 0.033321 seconds
Number of updated asset objects reloaded before import = 0
Number of asset objects unloaded after import = 1
========================================================================
Received Import Request.
  Time since last request: 0.003887 seconds.
  path: Assets/StoreDownloads/Supercyan Character Pack Free Sample/Animations/common_people@idle.FBX
  artifactKey: Guid(10cbb0afa2a98564a983cdaf3c1b7551) Importer(2089858483,0ecaa5967403d082aa24f35e1b516d23)
Start importing Assets/StoreDownloads/Supercyan Character Pack Free Sample/Animations/common_people@idle.FBX using Guid(10cbb0afa2a98564a983cdaf3c1b7551) Importer(2089858483,0ecaa5967403d082aa24f35e1b516d23) Generated GUIDs only implemented for interfaces!
 -> (artifact id: 'ded5b06cbabd280f4f052db773253865') in 0.034307 seconds
Number of updated asset objects reloaded before import = 0
Number of asset objects unloaded after import = 66
========================================================================
Received Import Request.
  Time since last request: 0.000014 seconds.
  path: Assets/StoreDownloads/Supercyan Character Pack Free Sample/Animations/common_people@wave.FBX
  artifactKey: Guid(09f13c3460d45ed43862ef43c7ddedb1) Importer(2089858483,0ecaa5967403d082aa24f35e1b516d23)
Start importing Assets/StoreDownloads/Supercyan Character Pack Free Sample/Animations/common_people@wave.FBX using Guid(09f13c3460d45ed43862ef43c7ddedb1) Importer(2089858483,0ecaa5967403d082aa24f35e1b516d23) Generated GUIDs only implemented for interfaces!
 -> (artifact id: '75e2180f37944ee5b5dc424581195189') in 0.035620 seconds
Number of updated asset objects reloaded before import = 0
Number of asset objects unloaded after import = 66
========================================================================
Received Import Request.
  Time since last request: 0.000019 seconds.
  path: Assets/StoreDownloads/SimpleNaturePack/Prefabs/Grass_01.prefab
  artifactKey: Guid(f1fc5bb90ac285e4486771552d63bcb8) Importer(2089858483,0ecaa5967403d082aa24f35e1b516d23)
Start importing Assets/StoreDownloads/SimpleNaturePack/Prefabs/Grass_01.prefab using Guid(f1fc5bb90ac285e4486771552d63bcb8) Importer(2089858483,0ecaa5967403d082aa24f35e1b516d23) Generated GUIDs only implemented for interfaces!
 -> (artifact id: 'c435203220f0843a2f3667bdf7538ca9') in 0.024253 seconds
Number of updated asset objects reloaded before import = 0
Number of asset objects unloaded after import = 16
========================================================================
Received Import Request.
  Time since last request: 0.000012 seconds.
  path: Assets/Plugins/Demigiant/DOTween/Editor/DOTweenEditor.XML
  artifactKey: Guid(2e2c6224d345d9249acfa6e8ef40bb2d) Importer(2089858483,0ecaa5967403d082aa24f35e1b516d23)
Start importing Assets/Plugins/Demigiant/DOTween/Editor/DOTweenEditor.XML using Guid(2e2c6224d345d9249acfa6e8ef40bb2d) Importer(2089858483,0ecaa5967403d082aa24f35e1b516d23) Generated GUIDs only implemented for interfaces!
 -> (artifact id: '47eaf1df5e097909468d9fa477832626') in 0.011346 seconds
Number of updated asset objects reloaded before import = 0
Number of asset objects unloaded after import = 1
========================================================================
Received Import Request.
  Time since last request: 0.000011 seconds.
  path: Assets/StoreDownloads/TextMesh Pro/Shaders/TMPro_Surface.cginc
  artifactKey: Guid(d930090c0cd643c7b55f19a38538c162) Importer(2089858483,0ecaa5967403d082aa24f35e1b516d23)
Start importing Assets/StoreDownloads/TextMesh Pro/Shaders/TMPro_Surface.cginc using Guid(d930090c0cd643c7b55f19a38538c162) Importer(2089858483,0ecaa5967403d082aa24f35e1b516d23) Generated GUIDs only implemented for interfaces!
 -> (artifact id: '5444c6a9e3e26e3f8e7b2a1b2d0e281e') in 0.011097 seconds
Number of updated asset objects reloaded before import = 0
Number of asset objects unloaded after import = 1
========================================================================
Received Import Request.
  Time since last request: 0.000038 seconds.
  path: Assets/StoreDownloads/TextMesh Pro/Shaders/TMP_Bitmap.shader
  artifactKey: Guid(128e987d567d4e2c824d754223b3f3b0) Importer(2089858483,0ecaa5967403d082aa24f35e1b516d23)
Start importing Assets/StoreDownloads/TextMesh Pro/Shaders/TMP_Bitmap.shader using Guid(128e987d567d4e2c824d754223b3f3b0) Importer(2089858483,0ecaa5967403d082aa24f35e1b516d23) Generated GUIDs only implemented for interfaces!
 -> (artifact id: '96220b817aa0573e76bbb3bb56f2f73c') in 0.012073 seconds
Number of updated asset objects reloaded before import = 0
Number of asset objects unloaded after import = 1
========================================================================
Received Import Request.
  Time since last request: 0.000030 seconds.
  path: Assets/StoreDownloads/TextMesh Pro/Shaders/TMP_SDF-Mobile.shader
  artifactKey: Guid(fe393ace9b354375a9cb14cdbbc28be4) Importer(2089858483,0ecaa5967403d082aa24f35e1b516d23)
Start importing Assets/StoreDownloads/TextMesh Pro/Shaders/TMP_SDF-Mobile.shader using Guid(fe393ace9b354375a9cb14cdbbc28be4) Importer(2089858483,0ecaa5967403d082aa24f35e1b516d23) Generated GUIDs only implemented for interfaces!
 -> (artifact id: 'b5db5831cd6f0f132c3d4d26f92aef63') in 0.025401 seconds
Number of updated asset objects reloaded before import = 0
Number of asset objects unloaded after import = 1
========================================================================
Received Import Request.
  Time since last request: 0.000012 seconds.
  path: Assets/StoreDownloads/DeepSpaceSkyboxPack/DiverseSpace/Material/DiverseSpaceMaterial.mat
  artifactKey: Guid(a4be220830e90ea4eb88b48b7fd376ce) Importer(2089858483,0ecaa5967403d082aa24f35e1b516d23)
Start importing Assets/StoreDownloads/DeepSpaceSkyboxPack/DiverseSpace/Material/DiverseSpaceMaterial.mat using Guid(a4be220830e90ea4eb88b48b7fd376ce) Importer(2089858483,0ecaa5967403d082aa24f35e1b516d23) Generated GUIDs only implemented for interfaces!
 -> (artifact id: 'f58afdc8b9f6fdcdb88d8ab908a0ef14') in 0.206772 seconds
Number of updated asset objects reloaded before import = 0
Number of asset objects unloaded after import = 7
========================================================================
Received Import Request.
  Time since last request: 0.000019 seconds.
  path: Assets/StoreDownloads/Sci-Fi Styled Modular Pack/Prefabs/Stairs/stairs_small_corner_with_emmision.prefab
  artifactKey: Guid(88e2387d52f16a24bbf3a98f88f690c0) Importer(2089858483,0ecaa5967403d082aa24f35e1b516d23)
Start importing Assets/StoreDownloads/Sci-Fi Styled Modular Pack/Prefabs/Stairs/stairs_small_corner_with_emmision.prefab using Guid(88e2387d52f16a24bbf3a98f88f690c0) Importer(2089858483,0ecaa5967403d082aa24f35e1b516d23) Generated GUIDs only implemented for interfaces!
 -> (artifact id: 'ae3434d6b80d7af220aff0eb853a4538') in 0.020993 seconds
Number of updated asset objects reloaded before import = 0
Number of asset objects unloaded after import = 8
========================================================================
Received Import Request.
  Time since last request: 0.000022 seconds.
  path: Assets/StoreDownloads/Sci-Fi Styled Modular Pack/Prefabs/Walls/glass_panel_1_corner.prefab
  artifactKey: Guid(8c3a444b099b80643a84476bfefca60d) Importer(2089858483,0ecaa5967403d082aa24f35e1b516d23)
Start importing Assets/StoreDownloads/Sci-Fi Styled Modular Pack/Prefabs/Walls/glass_panel_1_corner.prefab using Guid(8c3a444b099b80643a84476bfefca60d) Importer(2089858483,0ecaa5967403d082aa24f35e1b516d23) Generated GUIDs only implemented for interfaces!
 -> (artifact id: '48e27a0fd9a427285a4f9886dc2dad22') in 0.011642 seconds
Number of updated asset objects reloaded before import = 0
Number of asset objects unloaded after import = 8
========================================================================
Received Import Request.
  Time since last request: 0.000013 seconds.
  path: Assets/StoreDownloads/Sci-Fi Styled Modular Pack/Prefabs/Doors/glass_panel_1_with_door.prefab
  artifactKey: Guid(ac7a01ca06ca9044eb15b32cb7a936f8) Importer(2089858483,0ecaa5967403d082aa24f35e1b516d23)
Start importing Assets/StoreDownloads/Sci-Fi Styled Modular Pack/Prefabs/Doors/glass_panel_1_with_door.prefab using Guid(ac7a01ca06ca9044eb15b32cb7a936f8) Importer(2089858483,0ecaa5967403d082aa24f35e1b516d23) Generated GUIDs only implemented for interfaces!
 -> (artifact id: 'cc488cfe2bb7dbf4fa01d85e6390b32f') in 0.014104 seconds
Number of updated asset objects reloaded before import = 0
Number of asset objects unloaded after import = 15
========================================================================
Received Import Request.
  Time since last request: 0.000013 seconds.
  path: Assets/StoreDownloads/Sci-Fi Styled Modular Pack/Prefabs/Decorative elements/decorative_plant_desk.prefab
  artifactKey: Guid(7dd02c12b2c21ff49aa148934b3c1395) Importer(2089858483,0ecaa5967403d082aa24f35e1b516d23)
Start importing Assets/StoreDownloads/Sci-Fi Styled Modular Pack/Prefabs/Decorative elements/decorative_plant_desk.prefab using Guid(7dd02c12b2c21ff49aa148934b3c1395) Importer(2089858483,0ecaa5967403d082aa24f35e1b516d23) Generated GUIDs only implemented for interfaces!
 -> (artifact id: 'fe8b90a78eaf84ee63100ebbdaed9da6') in 0.012567 seconds
Number of updated asset objects reloaded before import = 0
Number of asset objects unloaded after import = 8
========================================================================
Received Import Request.
  Time since last request: 0.000017 seconds.
  path: Assets/StoreDownloads/Sci-Fi Styled Modular Pack/Prefabs/Machines/shield_generator.prefab
  artifactKey: Guid(3705bd4c1b398ea4ba0413ef903772cc) Importer(2089858483,0ecaa5967403d082aa24f35e1b516d23)
Start importing Assets/StoreDownloads/Sci-Fi Styled Modular Pack/Prefabs/Machines/shield_generator.prefab using Guid(3705bd4c1b398ea4ba0413ef903772cc) Importer(2089858483,0ecaa5967403d082aa24f35e1b516d23) Generated GUIDs only implemented for interfaces!
 -> (artifact id: '93426945133207b321782a2137e65486') in 0.010875 seconds
Number of updated asset objects reloaded before import = 0
Number of asset objects unloaded after import = 8
========================================================================
Received Import Request.
  Time since last request: 0.000012 seconds.
  path: Assets/StoreDownloads/Sci-Fi Styled Modular Pack/Prefabs/Machines/projector_2.prefab
  artifactKey: Guid(b09ac1c0cceeaae479323b022bfe74b1) Importer(2089858483,0ecaa5967403d082aa24f35e1b516d23)
Start importing Assets/StoreDownloads/Sci-Fi Styled Modular Pack/Prefabs/Machines/projector_2.prefab using Guid(b09ac1c0cceeaae479323b022bfe74b1) Importer(2089858483,0ecaa5967403d082aa24f35e1b516d23) Generated GUIDs only implemented for interfaces!
 -> (artifact id: 'd6d2f997121ceeac23191cc97a647513') in 0.011654 seconds
Number of updated asset objects reloaded before import = 0
Number of asset objects unloaded after import = 8
========================================================================
Received Import Request.
  Time since last request: 0.000013 seconds.
  path: Assets/StoreDownloads/Sci-Fi Styled Modular Pack/Prefabs/Machines/storage_container_big.prefab
  artifactKey: Guid(c944460b7f1a8ef47b05ebec140bdd17) Importer(2089858483,0ecaa5967403d082aa24f35e1b516d23)
Start importing Assets/StoreDownloads/Sci-Fi Styled Modular Pack/Prefabs/Machines/storage_container_big.prefab using Guid(c944460b7f1a8ef47b05ebec140bdd17) Importer(2089858483,0ecaa5967403d082aa24f35e1b516d23) Generated GUIDs only implemented for interfaces!
 -> (artifact id: '8f7c3c8b3c0880af76c892e30b8ebfe9') in 0.013855 seconds
Number of updated asset objects reloaded before import = 0
Number of asset objects unloaded after import = 8
========================================================================
Received Import Request.
  Time since last request: 0.000019 seconds.
  path: Assets/StoreDownloads/Sci-Fi Styled Modular Pack/Prefabs/Walls/wall_big.prefab
  artifactKey: Guid(b38a3290156af5046a449900e3163984) Importer(2089858483,0ecaa5967403d082aa24f35e1b516d23)
Start importing Assets/StoreDownloads/Sci-Fi Styled Modular Pack/Prefabs/Walls/wall_big.prefab using Guid(b38a3290156af5046a449900e3163984) Importer(2089858483,0ecaa5967403d082aa24f35e1b516d23) Generated GUIDs only implemented for interfaces!
 -> (artifact id: '9f3ec975e373ca94936ba4893f59a441') in 0.012500 seconds
Number of updated asset objects reloaded before import = 0
Number of asset objects unloaded after import = 18
========================================================================
Received Import Request.
  Time since last request: 0.000015 seconds.
  path: Assets/StoreDownloads/Sci-Fi Styled Modular Pack/Prefabs/Decorative elements/hydroponic.prefab
  artifactKey: Guid(1759eacdee08e12408d757d50755a6d0) Importer(2089858483,0ecaa5967403d082aa24f35e1b516d23)
Start importing Assets/StoreDownloads/Sci-Fi Styled Modular Pack/Prefabs/Decorative elements/hydroponic.prefab using Guid(1759eacdee08e12408d757d50755a6d0) Importer(2089858483,0ecaa5967403d082aa24f35e1b516d23) Generated GUIDs only implemented for interfaces!
 -> (artifact id: 'f73e70f64f0f9415c0fd09ce4ae5cc0b') in 0.011530 seconds
Number of updated asset objects reloaded before import = 0
Number of asset objects unloaded after import = 8
========================================================================
Received Import Request.
  Time since last request: 0.000015 seconds.
  path: Assets/StoreDownloads/Sci-Fi Styled Modular Pack/Prefabs/Machines/Capacitor.prefab
  artifactKey: Guid(888614259d2d71142a4ba0b538e54caf) Importer(2089858483,0ecaa5967403d082aa24f35e1b516d23)
Start importing Assets/StoreDownloads/Sci-Fi Styled Modular Pack/Prefabs/Machines/Capacitor.prefab using Guid(888614259d2d71142a4ba0b538e54caf) Importer(2089858483,0ecaa5967403d082aa24f35e1b516d23) Generated GUIDs only implemented for interfaces!
 -> (artifact id: '0be17f9a17d98eeab4ff1cea86bdc1f9') in 0.011890 seconds
Number of updated asset objects reloaded before import = 0
Number of asset objects unloaded after import = 27
========================================================================
Received Import Request.
  Time since last request: 0.000014 seconds.
  path: Assets/StoreDownloads/Sci-Fi Styled Modular Pack/Prefabs/Walls/glass_panel_1.prefab
  artifactKey: Guid(a5cd29a93d7ae2d488fa0376d0d08462) Importer(2089858483,0ecaa5967403d082aa24f35e1b516d23)
Start importing Assets/StoreDownloads/Sci-Fi Styled Modular Pack/Prefabs/Walls/glass_panel_1.prefab using Guid(a5cd29a93d7ae2d488fa0376d0d08462) Importer(2089858483,0ecaa5967403d082aa24f35e1b516d23) Generated GUIDs only implemented for interfaces!
 -> (artifact id: 'c609ca6044abb5576a150522ea18a555') in 0.010800 seconds
Number of updated asset objects reloaded before import = 0
Number of asset objects unloaded after import = 8
========================================================================
Received Import Request.
  Time since last request: 0.000012 seconds.
  path: Assets/StoreDownloads/Sci-Fi Styled Modular Pack/Prefabs/Windows/window_big_corner_plug.prefab
  artifactKey: Guid(abf1f5179163bad469b298f28ca52e5f) Importer(2089858483,0ecaa5967403d082aa24f35e1b516d23)
Start importing Assets/StoreDownloads/Sci-Fi Styled Modular Pack/Prefabs/Windows/window_big_corner_plug.prefab using Guid(abf1f5179163bad469b298f28ca52e5f) Importer(2089858483,0ecaa5967403d082aa24f35e1b516d23) Generated GUIDs only implemented for interfaces!
 -> (artifact id: '076b87dd7e2fb9fdadb368852f103e4d') in 0.011356 seconds
Number of updated asset objects reloaded before import = 0
Number of asset objects unloaded after import = 8
========================================================================
Received Import Request.
  Time since last request: 0.000011 seconds.
  path: Assets/StoreDownloads/Sci-Fi Styled Modular Pack/Prefabs/Lights/light_wall_1.prefab
  artifactKey: Guid(bf47bd9e279487a4ca3d6f7a10492900) Importer(2089858483,0ecaa5967403d082aa24f35e1b516d23)
Start importing Assets/StoreDownloads/Sci-Fi Styled Modular Pack/Prefabs/Lights/light_wall_1.prefab using Guid(bf47bd9e279487a4ca3d6f7a10492900) Importer(2089858483,0ecaa5967403d082aa24f35e1b516d23) Generated GUIDs only implemented for interfaces!
 -> (artifact id: 'bbf3beb8ce5d99be4dd452f51a009344') in 0.010730 seconds
Number of updated asset objects reloaded before import = 0
Number of asset objects unloaded after import = 11
========================================================================
Received Import Request.
  Time since last request: 0.000012 seconds.
  path: Assets/StoreDownloads/Sci-Fi Styled Modular Pack/Prefabs/Machines/torpedo_docking_station_1_side.prefab
  artifactKey: Guid(9d50504942943bc4db8140046bd7ee95) Importer(2089858483,0ecaa5967403d082aa24f35e1b516d23)
Start importing Assets/StoreDownloads/Sci-Fi Styled Modular Pack/Prefabs/Machines/torpedo_docking_station_1_side.prefab using Guid(9d50504942943bc4db8140046bd7ee95) Importer(2089858483,0ecaa5967403d082aa24f35e1b516d23) Generated GUIDs only implemented for interfaces!
 -> (artifact id: '2a0bad78b66b32872fb07e8022e3a7aa') in 0.008961 seconds
Number of updated asset objects reloaded before import = 0
Number of asset objects unloaded after import = 8
========================================================================
Received Import Request.
  Time since last request: 0.000014 seconds.
  path: Assets/StoreDownloads/Supercyan Character Pack Free Sample/Materials/Mobile/free_male_1_head_low.mat
  artifactKey: Guid(c9893909aae4a0644a72da08dc9b62ed) Importer(2089858483,0ecaa5967403d082aa24f35e1b516d23)
Start importing Assets/StoreDownloads/Supercyan Character Pack Free Sample/Materials/Mobile/free_male_1_head_low.mat using Guid(c9893909aae4a0644a72da08dc9b62ed) Importer(2089858483,0ecaa5967403d082aa24f35e1b516d23) Generated GUIDs only implemented for interfaces!
 -> (artifact id: 'b8682b8d1f93a2030ec94d59fd21fd2c') in 0.012563 seconds
Number of updated asset objects reloaded before import = 0
Number of asset objects unloaded after import = 2
========================================================================
Received Import Request.
  Time since last request: 0.000014 seconds.
  path: Assets/StoreDownloads/Supercyan Character Pack Free Sample/Textures/free_male_1_head_diffuse.psd
  artifactKey: Guid(e03c11e17f949074ea495c20697e773f) Importer(2089858483,0ecaa5967403d082aa24f35e1b516d23)
Start importing Assets/StoreDownloads/Supercyan Character Pack Free Sample/Textures/free_male_1_head_diffuse.psd using Guid(e03c11e17f949074ea495c20697e773f) Importer(2089858483,0ecaa5967403d082aa24f35e1b516d23) Generated GUIDs only implemented for interfaces!
 -> (artifact id: 'a271801222315764fa1cba30522be9e7') in 0.016338 seconds
Number of updated asset objects reloaded before import = 0
Number of asset objects unloaded after import = 1
========================================================================
Received Import Request.
  Time since last request: 0.000023 seconds.
  path: Assets/StoreDownloads/Supercyan Character Pack Free Sample/Animations/common_people@walk.FBX
  artifactKey: Guid(77d7842e2139f594bb31c3c63d1ad4b4) Importer(2089858483,0ecaa5967403d082aa24f35e1b516d23)
Start importing Assets/StoreDownloads/Supercyan Character Pack Free Sample/Animations/common_people@walk.FBX using Guid(77d7842e2139f594bb31c3c63d1ad4b4) Importer(2089858483,0ecaa5967403d082aa24f35e1b516d23) Generated GUIDs only implemented for interfaces!
 -> (artifact id: '3c40c018f2cf6793856caacd747a9eac') in 0.024599 seconds
Number of updated asset objects reloaded before import = 0
Number of asset objects unloaded after import = 66
========================================================================
Received Import Request.
  Time since last request: 0.000013 seconds.
  path: Assets/StoreDownloads/SimpleNaturePack/Prefabs/Mushroom_01.prefab
  artifactKey: Guid(ff62b58c5a9ea164fa8ddf8038e10cd1) Importer(2089858483,0ecaa5967403d082aa24f35e1b516d23)
Start importing Assets/StoreDownloads/SimpleNaturePack/Prefabs/Mushroom_01.prefab using Guid(ff62b58c5a9ea164fa8ddf8038e10cd1) Importer(2089858483,0ecaa5967403d082aa24f35e1b516d23) Generated GUIDs only implemented for interfaces!
 -> (artifact id: 'd9e6d8f68b1f11633ca0ec44f667b80b') in 0.010521 seconds
Number of updated asset objects reloaded before import = 0
Number of asset objects unloaded after import = 16
========================================================================
Received Import Request.
  Time since last request: 0.000019 seconds.
  path: Assets/StoreDownloads/Sci-Fi Styled Modular Pack/Models/Materials/No Name.mat
  artifactKey: Guid(7a58152a38aedc0499250c326bba4d63) Importer(2089858483,0ecaa5967403d082aa24f35e1b516d23)
Start importing Assets/StoreDownloads/Sci-Fi Styled Modular Pack/Models/Materials/No Name.mat using Guid(7a58152a38aedc0499250c326bba4d63) Importer(2089858483,0ecaa5967403d082aa24f35e1b516d23) Generated GUIDs only implemented for interfaces!
 -> (artifact id: '87bd60c1ef090e5f1688625b3dac5d70') in 0.010981 seconds
Number of updated asset objects reloaded before import = 0
Number of asset objects unloaded after import = 1
========================================================================
Received Import Request.
  Time since last request: 0.000013 seconds.
  path: Assets/Plugins/Demigiant/DOTween/Modules/DOTweenModuleUI.cs
  artifactKey: Guid(a060394c03331a64392db53a10e7f2d1) Importer(2089858483,0ecaa5967403d082aa24f35e1b516d23)
Start importing Assets/Plugins/Demigiant/DOTween/Modules/DOTweenModuleUI.cs using Guid(a060394c03331a64392db53a10e7f2d1) Importer(2089858483,0ecaa5967403d082aa24f35e1b516d23) Generated GUIDs only implemented for interfaces!
 -> (artifact id: '74ea3348366a306cc0ee10c7246c9787') in 0.007829 seconds
Number of updated asset objects reloaded before import = 0
Number of asset objects unloaded after import = 1
========================================================================
Received Import Request.
  Time since last request: 0.000016 seconds.
  path: Assets/StoreDownloads/Sci-Fi Styled Modular Pack/Prefabs/Decorative elements/cabinet_L.prefab
  artifactKey: Guid(04ced07fc5a1dbb45906c40768747c8a) Importer(2089858483,0ecaa5967403d082aa24f35e1b516d23)
Start importing Assets/StoreDownloads/Sci-Fi Styled Modular Pack/Prefabs/Decorative elements/cabinet_L.prefab using Guid(04ced07fc5a1dbb45906c40768747c8a) Importer(2089858483,0ecaa5967403d082aa24f35e1b516d23) Generated GUIDs only implemented for interfaces!
 -> (artifact id: '5522cd26b40e4be944d8e970413ba289') in 0.010433 seconds
Number of updated asset objects reloaded before import = 0
Number of asset objects unloaded after import = 8
========================================================================
Received Import Request.
  Time since last request: 0.000017 seconds.
  path: Assets/Plugins/Demigiant/DOTween/Modules/DOTweenModulePhysics2D.cs
  artifactKey: Guid(230fe34542e175245ba74b4659dae700) Importer(2089858483,0ecaa5967403d082aa24f35e1b516d23)
Start importing Assets/Plugins/Demigiant/DOTween/Modules/DOTweenModulePhysics2D.cs using Guid(230fe34542e175245ba74b4659dae700) Importer(2089858483,0ecaa5967403d082aa24f35e1b516d23) Generated GUIDs only implemented for interfaces!
 -> (artifact id: '65b6450da52d50d9507cdfb97a56572c') in 0.006712 seconds
Number of updated asset objects reloaded before import = 0
Number of asset objects unloaded after import = 1
========================================================================
Received Import Request.
  Time since last request: 0.000016 seconds.
  path: Assets/StoreDownloads/SimpleNaturePack/Prefabs/Bush_02.prefab
  artifactKey: Guid(b71b0f8d2f881c743a85228f3030d1cb) Importer(2089858483,0ecaa5967403d082aa24f35e1b516d23)
Start importing Assets/StoreDownloads/SimpleNaturePack/Prefabs/Bush_02.prefab using Guid(b71b0f8d2f881c743a85228f3030d1cb) Importer(2089858483,0ecaa5967403d082aa24f35e1b516d23) Generated GUIDs only implemented for interfaces!
 -> (artifact id: 'acad9e68dc7a0ea3ad956c8800d9f4d7') in 0.009116 seconds
Number of updated asset objects reloaded before import = 0
Number of asset objects unloaded after import = 16
========================================================================
Received Import Request.
  Time since last request: 0.000010 seconds.
  path: Assets/StoreDownloads/Sci-Fi Styled Modular Pack/Prefabs/Decorative elements/sign.prefab
  artifactKey: Guid(48f0889733d556d4a927a13a99a7f434) Importer(2089858483,0ecaa5967403d082aa24f35e1b516d23)
Start importing Assets/StoreDownloads/Sci-Fi Styled Modular Pack/Prefabs/Decorative elements/sign.prefab using Guid(48f0889733d556d4a927a13a99a7f434) Importer(2089858483,0ecaa5967403d082aa24f35e1b516d23) Generated GUIDs only implemented for interfaces!
 -> (artifact id: '564e05a0df60f87cc0f74b084cd22fe7') in 0.020554 seconds
Number of updated asset objects reloaded before import = 0
Number of asset objects unloaded after import = 8
========================================================================
Received Import Request.
  Time since last request: 0.184311 seconds.
  path: Assets/Plugins/Demigiant/DOTween/Editor/Imgs/DOTweenIcon.png
  artifactKey: Guid(8da095e39e9b4df488dfd436f81116d6) Importer(2089858483,0ecaa5967403d082aa24f35e1b516d23)
Start importing Assets/Plugins/Demigiant/DOTween/Editor/Imgs/DOTweenIcon.png using Guid(8da095e39e9b4df488dfd436f81116d6) Importer(2089858483,0ecaa5967403d082aa24f35e1b516d23) Generated GUIDs only implemented for interfaces!
 -> (artifact id: '67856240b244d1fcca78234b8e3b8db3') in 0.017485 seconds
Number of updated asset objects reloaded before import = 0
Number of asset objects unloaded after import = 1
========================================================================
Received Import Request.
  Time since last request: 0.000022 seconds.
  path: Assets/StoreDownloads/Sci-Fi Styled Modular Pack/Prefabs/Walls/Half walls/decorative_half_wall_5.prefab
  artifactKey: Guid(e521c664fa8f8c845a0f2f463f0d05b2) Importer(2089858483,0ecaa5967403d082aa24f35e1b516d23)
Start importing Assets/StoreDownloads/Sci-Fi Styled Modular Pack/Prefabs/Walls/Half walls/decorative_half_wall_5.prefab using Guid(e521c664fa8f8c845a0f2f463f0d05b2) Importer(2089858483,0ecaa5967403d082aa24f35e1b516d23) Generated GUIDs only implemented for interfaces!
 -> (artifact id: '68af61ebab3e64fe03ddbb428b065348') in 0.010544 seconds
Number of updated asset objects reloaded before import = 0
Number of asset objects unloaded after import = 8
========================================================================
Received Import Request.
  Time since last request: 0.000012 seconds.
  path: Assets/StoreDownloads/Runemark Studio/Freebies/Polygon Desert Pack/Materials/Thorn.mat
  artifactKey: Guid(f5862a071b976404b90477399414fa74) Importer(2089858483,0ecaa5967403d082aa24f35e1b516d23)
Start importing Assets/StoreDownloads/Runemark Studio/Freebies/Polygon Desert Pack/Materials/Thorn.mat using Guid(f5862a071b976404b90477399414fa74) Importer(2089858483,0ecaa5967403d082aa24f35e1b516d23) Generated GUIDs only implemented for interfaces!
 -> (artifact id: 'af3c4d3c17ee537f16f7ecfa02431e57') in 0.010220 seconds
Number of updated asset objects reloaded before import = 0
Number of asset objects unloaded after import = 1
========================================================================
Received Import Request.
  Time since last request: 0.000028 seconds.
  path: Assets/StoreDownloads/Runemark Studio/Freebies/PolyDesert Mobile/Meshes/rock06.obj
  artifactKey: Guid(fbbd04c46204e58448b2484a0038aab6) Importer(2089858483,0ecaa5967403d082aa24f35e1b516d23)
Start importing Assets/StoreDownloads/Runemark Studio/Freebies/PolyDesert Mobile/Meshes/rock06.obj using Guid(fbbd04c46204e58448b2484a0038aab6) Importer(2089858483,0ecaa5967403d082aa24f35e1b516d23) Generated GUIDs only implemented for interfaces!
 -> (artifact id: 'cf646041d34c9ee3dd3efdb2ebcb44f6') in 0.013886 seconds
Number of updated asset objects reloaded before import = 0
Number of asset objects unloaded after import = 9
========================================================================
Received Import Request.
  Time since last request: 0.000013 seconds.
  path: Assets/StoreDownloads/Sci-Fi Styled Modular Pack/Prefabs/Walls/Simple/decorative_wall_F.prefab
  artifactKey: Guid(2d088c87c6df3c442aeff94f902c6ae3) Importer(2089858483,0ecaa5967403d082aa24f35e1b516d23)
Start importing Assets/StoreDownloads/Sci-Fi Styled Modular Pack/Prefabs/Walls/Simple/decorative_wall_F.prefab using Guid(2d088c87c6df3c442aeff94f902c6ae3) Importer(2089858483,0ecaa5967403d082aa24f35e1b516d23) Generated GUIDs only implemented for interfaces!
 -> (artifact id: 'd80296bc6e96b0f720d51a1fe0583732') in 0.010254 seconds
Number of updated asset objects reloaded before import = 0
Number of asset objects unloaded after import = 8
========================================================================
Received Import Request.
  Time since last request: 0.000012 seconds.
  path: Assets/StoreDownloads/Runemark Studio/Freebies/PolyDesert Mobile/Prefabs/rock03_m.prefab
  artifactKey: Guid(a1f403feb3451c14c8d72d495a993cb1) Importer(2089858483,0ecaa5967403d082aa24f35e1b516d23)
Start importing Assets/StoreDownloads/Runemark Studio/Freebies/PolyDesert Mobile/Prefabs/rock03_m.prefab using Guid(a1f403feb3451c14c8d72d495a993cb1) Importer(2089858483,0ecaa5967403d082aa24f35e1b516d23) Generated GUIDs only implemented for interfaces!
 -> (artifact id: '769df88e864d20a2ef94e05a52f29c0e') in 0.013952 seconds
Number of updated asset objects reloaded before import = 0
Number of asset objects unloaded after import = 9
========================================================================
Received Import Request.
  Time since last request: 0.000015 seconds.
  path: Assets/StoreDownloads/Runemark Studio/Freebies/PolyDesert Mobile/Meshes/rock02.obj
  artifactKey: Guid(6c262484852eac84785d71207b841d95) Importer(2089858483,0ecaa5967403d082aa24f35e1b516d23)
Start importing Assets/StoreDownloads/Runemark Studio/Freebies/PolyDesert Mobile/Meshes/rock02.obj using Guid(6c262484852eac84785d71207b841d95) Importer(2089858483,0ecaa5967403d082aa24f35e1b516d23) Generated GUIDs only implemented for interfaces!
 -> (artifact id: '5e6a46546681172da306b755d937561e') in 0.019366 seconds
Number of updated asset objects reloaded before import = 0
Number of asset objects unloaded after import = 9
========================================================================
Received Import Request.
  Time since last request: 0.000017 seconds.
  path: Assets/StoreDownloads/Runemark Studio/Freebies/PolyDesert Mobile/Materials/polydesert_atlas.mat
  artifactKey: Guid(0d77e7dfe6c8918409bb739458ba8a9d) Importer(2089858483,0ecaa5967403d082aa24f35e1b516d23)
Start importing Assets/StoreDownloads/Runemark Studio/Freebies/PolyDesert Mobile/Materials/polydesert_atlas.mat using Guid(0d77e7dfe6c8918409bb739458ba8a9d) Importer(2089858483,0ecaa5967403d082aa24f35e1b516d23) Generated GUIDs only implemented for interfaces!
 -> (artifact id: '07a6f856ac9001682a61210f3a546a8f') in 0.006494 seconds
Number of updated asset objects reloaded before import = 0
Number of asset objects unloaded after import = 1
========================================================================
Received Import Request.
  Time since last request: 0.000014 seconds.
  path: Assets/StoreDownloads/Sci-Fi Styled Modular Pack/Prefabs/Walls/Simple/decorative_wall_G.prefab
  artifactKey: Guid(7f83c849ebc7c304e8ffbc4bfe60857a) Importer(2089858483,0ecaa5967403d082aa24f35e1b516d23)
Start importing Assets/StoreDownloads/Sci-Fi Styled Modular Pack/Prefabs/Walls/Simple/decorative_wall_G.prefab using Guid(7f83c849ebc7c304e8ffbc4bfe60857a) Importer(2089858483,0ecaa5967403d082aa24f35e1b516d23) Generated GUIDs only implemented for interfaces!
 -> (artifact id: '49c6de130eefa00b58b140822107784f') in 0.009553 seconds
Number of updated asset objects reloaded before import = 0
Number of asset objects unloaded after import = 8
========================================================================
Received Import Request.
  Time since last request: 0.000016 seconds.
  path: Assets/StoreDownloads/Sci-Fi Styled Modular Pack/Prefabs/Decorative elements/Arts/art_2.prefab
  artifactKey: Guid(df1cac3988f7cf841b2b0afc88ea5e26) Importer(2089858483,0ecaa5967403d082aa24f35e1b516d23)
Start importing Assets/StoreDownloads/Sci-Fi Styled Modular Pack/Prefabs/Decorative elements/Arts/art_2.prefab using Guid(df1cac3988f7cf841b2b0afc88ea5e26) Importer(2089858483,0ecaa5967403d082aa24f35e1b516d23) Generated GUIDs only implemented for interfaces!
 -> (artifact id: 'c23551a0a059bfcb9d23e0cb74511ce6') in 0.011371 seconds
Number of updated asset objects reloaded before import = 0
Number of asset objects unloaded after import = 9
========================================================================
Received Import Request.
  Time since last request: 0.000010 seconds.
  path: Assets/StoreDownloads/Runemark Studio/Freebies/PolyDesert Mobile/Meshes/rock05.obj
  artifactKey: Guid(1aee68255b1c16648abad52f8510f673) Importer(2089858483,0ecaa5967403d082aa24f35e1b516d23)
Start importing Assets/StoreDownloads/Runemark Studio/Freebies/PolyDesert Mobile/Meshes/rock05.obj using Guid(1aee68255b1c16648abad52f8510f673) Importer(2089858483,0ecaa5967403d082aa24f35e1b516d23) Generated GUIDs only implemented for interfaces!
 -> (artifact id: '1249325ff720757443c807e24d22acad') in 0.012885 seconds
Number of updated asset objects reloaded before import = 0
Number of asset objects unloaded after import = 9
========================================================================
Received Import Request.
  Time since last request: 0.000014 seconds.
  path: Assets/StoreDownloads/Runemark Studio/Freebies/Polygon Desert Pack/Prefabs/rock08.prefab
  artifactKey: Guid(a45f923de9555884cbe160883ce87a74) Importer(2089858483,0ecaa5967403d082aa24f35e1b516d23)
Start importing Assets/StoreDownloads/Runemark Studio/Freebies/Polygon Desert Pack/Prefabs/rock08.prefab using Guid(a45f923de9555884cbe160883ce87a74) Importer(2089858483,0ecaa5967403d082aa24f35e1b516d23) Generated GUIDs only implemented for interfaces!
 -> (artifact id: '857d8ce4458fef97dd6659ae91d9be94') in 0.008619 seconds
Number of updated asset objects reloaded before import = 0
Number of asset objects unloaded after import = 9
========================================================================
Received Import Request.
  Time since last request: 0.000012 seconds.
  path: Assets/StoreDownloads/Hocker/Cartoon Wooden Box/Box/Materials/Textures/NORMALMAP.png
  artifactKey: Guid(e0b5ed1c13e4fae4d82a7f26dd588d66) Importer(2089858483,0ecaa5967403d082aa24f35e1b516d23)
Start importing Assets/StoreDownloads/Hocker/Cartoon Wooden Box/Box/Materials/Textures/NORMALMAP.png using Guid(e0b5ed1c13e4fae4d82a7f26dd588d66) Importer(2089858483,0ecaa5967403d082aa24f35e1b516d23) Generated GUIDs only implemented for interfaces!
 -> (artifact id: '682d5b72f8548762d21f096c313904ad') in 0.022329 seconds
Number of updated asset objects reloaded before import = 0
Number of asset objects unloaded after import = 1
========================================================================
Received Import Request.
  Time since last request: 0.000083 seconds.
  path: Assets/StoreDownloads/Runemark Studio/Freebies/Polygon Desert Pack/Prefabs/Cactus1.prefab
  artifactKey: Guid(575780dd1f55b7941803be0767c1e36e) Importer(2089858483,0ecaa5967403d082aa24f35e1b516d23)
Start importing Assets/StoreDownloads/Runemark Studio/Freebies/Polygon Desert Pack/Prefabs/Cactus1.prefab using Guid(575780dd1f55b7941803be0767c1e36e) Importer(2089858483,0ecaa5967403d082aa24f35e1b516d23) Generated GUIDs only implemented for interfaces!
 -> (artifact id: 'e833a9febbeb8b91376e5d7d56739342') in 0.012540 seconds
Number of updated asset objects reloaded before import = 0
Number of asset objects unloaded after import = 9
========================================================================
Received Import Request.
  Time since last request: 0.000015 seconds.
  path: Assets/StoreDownloads/Runemark Studio/Freebies/Polygon Desert Pack/Prefabs/Cactus3.prefab
  artifactKey: Guid(50294217694c1a145a9a3b86f853c022) Importer(2089858483,0ecaa5967403d082aa24f35e1b516d23)
Start importing Assets/StoreDownloads/Runemark Studio/Freebies/Polygon Desert Pack/Prefabs/Cactus3.prefab using Guid(50294217694c1a145a9a3b86f853c022) Importer(2089858483,0ecaa5967403d082aa24f35e1b516d23) Generated GUIDs only implemented for interfaces!
 -> (artifact id: '5c702932a77d590ba0743f22a2c49a94') in 0.010065 seconds
Number of updated asset objects reloaded before import = 0
Number of asset objects unloaded after import = 14
========================================================================
Received Import Request.
  Time since last request: 0.000013 seconds.
  path: Assets/StoreDownloads/Sci-Fi Styled Modular Pack/Prefabs/Walls/Half walls/decorative_half_wall_1_LOD.prefab
  artifactKey: Guid(b0b67fee087661941a6b851ede8cc5ed) Importer(2089858483,0ecaa5967403d082aa24f35e1b516d23)
Start importing Assets/StoreDownloads/Sci-Fi Styled Modular Pack/Prefabs/Walls/Half walls/decorative_half_wall_1_LOD.prefab using Guid(b0b67fee087661941a6b851ede8cc5ed) Importer(2089858483,0ecaa5967403d082aa24f35e1b516d23) Generated GUIDs only implemented for interfaces!
 -> (artifact id: '4789d1f94c3b8df0958fa8a8f856366a') in 0.010465 seconds
Number of updated asset objects reloaded before import = 0
Number of asset objects unloaded after import = 16
========================================================================
Received Import Request.
  Time since last request: 0.000013 seconds.
  path: Assets/StoreDownloads/Runemark Studio/Freebies/PolyDesert Mobile/Prefabs/rock02_m.prefab
  artifactKey: Guid(8f281d16e094c6a4896e37696e49dea9) Importer(2089858483,0ecaa5967403d082aa24f35e1b516d23)
Start importing Assets/StoreDownloads/Runemark Studio/Freebies/PolyDesert Mobile/Prefabs/rock02_m.prefab using Guid(8f281d16e094c6a4896e37696e49dea9) Importer(2089858483,0ecaa5967403d082aa24f35e1b516d23) Generated GUIDs only implemented for interfaces!
 -> (artifact id: '57add70a5e4c672b6e429b6849174fe9') in 0.008756 seconds
Number of updated asset objects reloaded before import = 0
Number of asset objects unloaded after import = 9
========================================================================
Received Import Request.
  Time since last request: 0.000012 seconds.
  path: Assets/StoreDownloads/Sci-Fi Styled Modular Pack/Prefabs/Decorative elements/Arts/art_3.prefab
  artifactKey: Guid(570e2548a8f74734e8a712c7c4f6ab0c) Importer(2089858483,0ecaa5967403d082aa24f35e1b516d23)
Start importing Assets/StoreDownloads/Sci-Fi Styled Modular Pack/Prefabs/Decorative elements/Arts/art_3.prefab using Guid(570e2548a8f74734e8a712c7c4f6ab0c) Importer(2089858483,0ecaa5967403d082aa24f35e1b516d23) Generated GUIDs only implemented for interfaces!
 -> (artifact id: '43f0fb1f1b28c9795998a94ff7f5a830') in 0.010258 seconds
Number of updated asset objects reloaded before import = 0
Number of asset objects unloaded after import = 9
========================================================================
Received Import Request.
  Time since last request: 0.000014 seconds.
  path: Assets/StoreDownloads/Runemark Studio/Freebies/Polygon Desert Pack/Prefabs/rock04.prefab
  artifactKey: Guid(37d65ed67498b304ea4da8a6b7c2d9b4) Importer(2089858483,0ecaa5967403d082aa24f35e1b516d23)
Start importing Assets/StoreDownloads/Runemark Studio/Freebies/Polygon Desert Pack/Prefabs/rock04.prefab using Guid(37d65ed67498b304ea4da8a6b7c2d9b4) Importer(2089858483,0ecaa5967403d082aa24f35e1b516d23) Generated GUIDs only implemented for interfaces!
 -> (artifact id: 'a10ee85573129edb1806d025f0449413') in 0.008014 seconds
Number of updated asset objects reloaded before import = 0
Number of asset objects unloaded after import = 9
========================================================================
Received Import Request.
  Time since last request: 0.000011 seconds.
  path: Assets/StoreDownloads/Runemark Studio/Freebies/PolyDesert Mobile/Prefabs/rock01_m.prefab
  artifactKey: Guid(285b9972cdfec2a41a57161bddbe78ef) Importer(2089858483,0ecaa5967403d082aa24f35e1b516d23)
Start importing Assets/StoreDownloads/Runemark Studio/Freebies/PolyDesert Mobile/Prefabs/rock01_m.prefab using Guid(285b9972cdfec2a41a57161bddbe78ef) Importer(2089858483,0ecaa5967403d082aa24f35e1b516d23) Generated GUIDs only implemented for interfaces!
 -> (artifact id: '045a4107b14dcf6c34ba0f4c72193f69') in 0.007778 seconds
Number of updated asset objects reloaded before import = 0
Number of asset objects unloaded after import = 9
========================================================================
Received Import Request.
  Time since last request: 0.000012 seconds.
  path: Assets/StoreDownloads/Supercyan Character Pack Free Sample/Prefabs/Simple Movement/Mobile/MobileMaleFreeSimpleMovement1.prefab
  artifactKey: Guid(16e7451e81164bc4caac73768f16ceb6) Importer(2089858483,0ecaa5967403d082aa24f35e1b516d23)
Start importing Assets/StoreDownloads/Supercyan Character Pack Free Sample/Prefabs/Simple Movement/Mobile/MobileMaleFreeSimpleMovement1.prefab using Guid(16e7451e81164bc4caac73768f16ceb6) Importer(2089858483,0ecaa5967403d082aa24f35e1b516d23) Generated GUIDs only implemented for interfaces!
 -> (artifact id: '0e91b8cc141a2487545eb8cd968e3a88') in 0.013583 seconds
Number of updated asset objects reloaded before import = 0
Number of asset objects unloaded after import = 89
Editor requested this worker to shutdown with reason: Scaling down because of idle timeout
TcpMessagingSession - receive error: operation aborted. errorcode: 995, details: The I/O operation has been aborted because of either a thread exit or an application request.
AssetImportWorker is now disconnected from the server
Process exiting
Exiting without the bug reporter. Application will terminate with return code 0